<?xml version="1.0" encoding="UTF-8"?>
<!-- Generated by org.testng.reporters.JUnitReportReporter -->
<testsuite hostname="ASDA0024" name="com.qait.automation.TatocPageObject.TatocPageObject" tests="5" failures="0" timestamp="11 Jul 2018 04:12:43 GMT" time="5.479" errors="0">
  <testcase name="Step3_DragAndDropPage" time="0.421" classname="com.qait.automation.TatocPageObject.TatocPageObject"/>
  <testcase name="step2_FrameAndDungeonPage" time="3.605" classname="com.qait.automation.TatocPageObject.TatocPageObject"/>
  <testcase name="step1_GridBoxPage" time="0.303" classname="com.qait.automation.TatocPageObject.TatocPageObject"/>
  <testcase name="Step5_CookieAdding" time="0.334" classname="com.qait.automation.TatocPageObject.TatocPageObject"/>
  <testcase name="Step4_PopupWindowsPage" time="0.816" classname="com.qait.automation.TatocPageObject.TatocPageObject"/>
</testsuite> <!-- com.qait.automation.TatocPageObject.TatocPageObject -->
