<?xml version="1.0" encoding="UTF-8"?>
<!-- Generated by org.testng.reporters.JUnitReportReporter -->
<testsuite hostname="ASDP1534PO01976" name="com.qait.automation.TatocPageObject.AppTest" tests="5" failures="0" timestamp="4 Sep 2018 11:57:40 GMT" time="9.925" errors="0">
  <testcase name="isLogoDisplayed" time="0.049" classname="com.qait.automation.TatocPageObject.AppTest"/>
  <testcase name="LoginWithvalidPasswordAndvalidUserName" time="9.343" classname="com.qait.automation.TatocPageObject.AppTest"/>
  <testcase name="checkForPageHeader" time="0.035" classname="com.qait.automation.TatocPageObject.AppTest"/>
  <testcase name="checkForImageofTheuser" time="0.469" classname="com.qait.automation.TatocPageObject.AppTest"/>
  <testcase name="checkForPageTitle" time="0.029" classname="com.qait.automation.TatocPageObject.AppTest"/>
</testsuite> <!-- com.qait.automation.TatocPageObject.AppTest -->
